<?xml version="1.0" encoding="UTF-8"?>
<testsuite name="ch.ipa_sbb_fincons.ToAlphanumericTest" tests="1" skipped="0" failures="0" errors="0" timestamp="2019-04-24T09:01:40" hostname="K52205" time="0.506">
  <properties/>
  <testcase name="testCall" classname="ch.ipa_sbb_fincons.ToAlphanumericTest" time="0.506"/>
  <system-out><![CDATA[]]></system-out>
  <system-err><![CDATA[]]></system-err>
</testsuite>
